2026-05-09 18:45:52 [ERROR] raspi.serial: 串口打开失败: module 'serial' has no attribute 'Serial'
2026-05-12 19:32:24 [INFO] raspi.main: ===== 树莓派智能家居网关 启动 =====
2026-05-12 19:32:24 [INFO] raspi.main: 控制串口: /dev/ttyAMA0 | 传感器串口: /dev/ttyAMA3 @ 9600
2026-05-12 19:32:24 [INFO] raspi.main: TCP: 9999 (命令) | UDP: 8888 (发现/传感器) | TCP: 9998 (视频)
2026-05-12 19:32:24 [INFO] raspi.main: 已注册 14 个设备
2026-05-12 19:32:24 [ERROR] raspi.serial: 串口打开失败: module 'serial' has no attribute 'Serial'
2026-05-12 19:32:24 [WARNING] raspi.main: 控制串口不可用，将以无硬件模式运行
2026-05-12 19:32:24 [ERROR] raspi.serial: 串口打开失败: module 'serial' has no attribute 'Serial'
2026-05-12 19:32:24 [WARNING] raspi.main: 传感器串口不可用，传感器数据将缺失
2026-05-12 19:32:24 [INFO] raspi.udp: UDP 广播器已启动，端口 8888 (收发)
2026-05-12 19:32:24 [INFO] raspi.tcp: TCP 服务器已启动，端口 9999
2026-05-12 19:32:24 [INFO] raspi.udp: UDP 设备广播 ×15
2026-05-12 19:32:24 [INFO] raspi.udp: UDP 启动广播 1/3
2026-05-12 19:32:25 [INFO] raspi.udp: UDP 启动广播 2/3
2026-05-12 19:32:25 [INFO] raspi.udp: UDP 启动广播 3/3
2026-05-12 19:32:29 [INFO] raspi.video: 摄像头: OpenCV 640x360
2026-05-12 19:32:29 [INFO] raspi.video: 视频流已启动，端口 9998
2026-05-12 19:32:29 [DEBUG] raspi.main: DATA_REFRESH → UDP
2026-05-12 19:32:31 [DEBUG] raspi.main: DATA_REFRESH → UDP
2026-05-12 19:32:33 [DEBUG] raspi.main: DATA_REFRESH → UDP
2026-05-12 19:32:35 [DEBUG] raspi.main: DATA_REFRESH → UDP
2026-05-12 19:32:37 [DEBUG] raspi.main: DATA_REFRESH → UDP
2026-05-12 19:32:39 [DEBUG] raspi.main: DATA_REFRESH → UDP
2026-05-12 19:32:41 [DEBUG] raspi.main: DATA_REFRESH → UDP
2026-05-12 19:32:43 [DEBUG] raspi.main: DATA_REFRESH → UDP
2026-05-12 19:32:44 [INFO] raspi.udp: UDP 设备广播 ×15
2026-05-12 19:32:45 [DEBUG] raspi.main: DATA_REFRESH → UDP
2026-05-12 19:32:47 [DEBUG] raspi.main: DATA_REFRESH → UDP
2026-05-12 19:32:49 [DEBUG] raspi.main: DATA_REFRESH → UDP
2026-05-12 19:32:51 [DEBUG] raspi.main: DATA_REFRESH → UDP
2026-05-12 19:32:53 [DEBUG] raspi.main: DATA_REFRESH → UDP
2026-05-12 19:32:55 [DEBUG] raspi.main: DATA_REFRESH → UDP
2026-05-12 19:32:57 [DEBUG] raspi.main: DATA_REFRESH → UDP
2026-05-12 19:32:59 [DEBUG] raspi.main: DATA_REFRESH → UDP
2026-05-12 19:33:01 [DEBUG] raspi.main: DATA_REFRESH → UDP
2026-05-12 19:33:03 [DEBUG] raspi.main: DATA_REFRESH → UDP
2026-05-12 19:33:04 [INFO] raspi.udp: UDP 设备广播 ×15
2026-05-12 19:33:05 [DEBUG] raspi.main: DATA_REFRESH → UDP
2026-05-12 19:33:07 [DEBUG] raspi.main: DATA_REFRESH → UDP
2026-05-12 19:33:09 [DEBUG] raspi.main: DATA_REFRESH → UDP
2026-05-12 19:33:11 [DEBUG] raspi.main: DATA_REFRESH → UDP
2026-05-12 19:33:13 [DEBUG] raspi.main: DATA_REFRESH → UDP
2026-05-12 19:33:15 [DEBUG] raspi.main: DATA_REFRESH → UDP
2026-05-12 19:33:17 [DEBUG] raspi.main: DATA_REFRESH → UDP
2026-05-12 19:33:19 [DEBUG] raspi.main: DATA_REFRESH → UDP
2026-05-12 19:33:21 [DEBUG] raspi.main: DATA_REFRESH → UDP
2026-05-12 19:33:23 [DEBUG] raspi.main: DATA_REFRESH → UDP
2026-05-12 19:33:24 [INFO] raspi.udp: UDP 设备广播 ×15
2026-05-12 19:33:25 [DEBUG] raspi.main: DATA_REFRESH → UDP
2026-05-12 19:33:27 [DEBUG] raspi.main: DATA_REFRESH → UDP
2026-05-12 19:33:30 [DEBUG] raspi.main: DATA_REFRESH → UDP
2026-05-12 19:33:32 [DEBUG] raspi.main: DATA_REFRESH → UDP
2026-05-12 19:33:34 [DEBUG] raspi.main: DATA_REFRESH → UDP
2026-05-12 19:33:36 [DEBUG] raspi.main: DATA_REFRESH → UDP
2026-05-12 19:33:38 [DEBUG] raspi.main: DATA_REFRESH → UDP
2026-05-12 19:33:40 [DEBUG] raspi.main: DATA_REFRESH → UDP
2026-05-12 19:33:42 [DEBUG] raspi.main: DATA_REFRESH → UDP
2026-05-12 19:33:44 [DEBUG] raspi.main: DATA_REFRESH → UDP
2026-05-12 19:33:44 [INFO] raspi.udp: UDP 设备广播 ×15
2026-05-12 19:33:46 [DEBUG] raspi.main: DATA_REFRESH → UDP
2026-05-12 19:33:48 [DEBUG] raspi.main: DATA_REFRESH → UDP
2026-05-12 19:33:50 [DEBUG] raspi.main: DATA_REFRESH → UDP
2026-05-12 19:33:52 [DEBUG] raspi.main: DATA_REFRESH → UDP
2026-05-12 19:33:54 [DEBUG] raspi.main: DATA_REFRESH → UDP
2026-05-12 19:33:56 [DEBUG] raspi.main: DATA_REFRESH → UDP
2026-05-12 19:33:58 [DEBUG] raspi.main: DATA_REFRESH → UDP
2026-05-12 19:34:00 [DEBUG] raspi.main: DATA_REFRESH → UDP
2026-05-12 19:34:02 [DEBUG] raspi.main: DATA_REFRESH → UDP
2026-05-12 19:34:04 [DEBUG] raspi.main: DATA_REFRESH → UDP
2026-05-12 19:34:04 [INFO] raspi.udp: UDP 设备广播 ×15
2026-05-12 19:34:06 [DEBUG] raspi.main: DATA_REFRESH → UDP
2026-05-12 19:34:08 [DEBUG] raspi.main: DATA_REFRESH → UDP
2026-05-12 19:34:10 [DEBUG] raspi.main: DATA_REFRESH → UDP
2026-05-12 19:34:12 [DEBUG] raspi.main: DATA_REFRESH → UDP
2026-05-12 19:34:14 [DEBUG] raspi.main: DATA_REFRESH → UDP
2026-05-12 19:34:16 [DEBUG] raspi.main: DATA_REFRESH → UDP
2026-05-12 19:34:18 [DEBUG] raspi.main: DATA_REFRESH → UDP
2026-05-12 19:34:20 [DEBUG] raspi.main: DATA_REFRESH → UDP
2026-05-12 19:34:22 [DEBUG] raspi.main: DATA_REFRESH → UDP
2026-05-12 19:34:24 [INFO] raspi.udp: UDP 设备广播 ×15
2026-05-12 19:34:24 [DEBUG] raspi.main: DATA_REFRESH → UDP
2026-05-12 19:34:26 [DEBUG] raspi.main: DATA_REFRESH → UDP
2026-05-12 19:34:28 [DEBUG] raspi.main: DATA_REFRESH → UDP
2026-05-12 19:34:30 [DEBUG] raspi.main: DATA_REFRESH → UDP
2026-05-12 19:34:32 [DEBUG] raspi.main: DATA_REFRESH → UDP
2026-05-12 19:34:35 [DEBUG] raspi.main: DATA_REFRESH → UDP
2026-05-12 19:34:37 [DEBUG] raspi.main: DATA_REFRESH → UDP
2026-05-12 19:34:39 [DEBUG] raspi.main: DATA_REFRESH → UDP
2026-05-12 19:34:41 [DEBUG] raspi.main: DATA_REFRESH → UDP
2026-05-12 19:34:43 [DEBUG] raspi.main: DATA_REFRESH → UDP
2026-05-12 19:34:44 [INFO] raspi.udp: UDP 设备广播 ×15
2026-05-12 19:34:45 [DEBUG] raspi.main: DATA_REFRESH → UDP
2026-05-12 19:34:47 [DEBUG] raspi.main: DATA_REFRESH → UDP
2026-05-12 19:34:49 [DEBUG] raspi.main: DATA_REFRESH → UDP
2026-05-12 19:34:51 [DEBUG] raspi.main: DATA_REFRESH → UDP
2026-05-12 19:34:53 [DEBUG] raspi.main: DATA_REFRESH → UDP
2026-05-12 19:34:55 [DEBUG] raspi.main: DATA_REFRESH → UDP
2026-05-12 19:34:57 [DEBUG] raspi.main: DATA_REFRESH → UDP
2026-05-12 19:34:59 [DEBUG] raspi.main: DATA_REFRESH → UDP
2026-05-12 19:35:01 [DEBUG] raspi.main: DATA_REFRESH → UDP
2026-05-12 19:35:03 [DEBUG] raspi.main: DATA_REFRESH → UDP
2026-05-12 19:35:04 [INFO] raspi.udp: UDP 设备广播 ×15
2026-05-12 19:35:05 [DEBUG] raspi.main: DATA_REFRESH → UDP
2026-05-12 19:35:07 [DEBUG] raspi.main: DATA_REFRESH → UDP
2026-05-12 19:35:09 [DEBUG] raspi.main: DATA_REFRESH → UDP
2026-05-12 19:35:11 [DEBUG] raspi.main: DATA_REFRESH → UDP
2026-05-12 19:35:13 [DEBUG] raspi.main: DATA_REFRESH → UDP
2026-05-12 19:35:15 [DEBUG] raspi.main: DATA_REFRESH → UDP
2026-05-12 19:35:17 [DEBUG] raspi.main: DATA_REFRESH → UDP
2026-05-12 19:35:19 [DEBUG] raspi.main: DATA_REFRESH → UDP
2026-05-12 19:35:21 [DEBUG] raspi.main: DATA_REFRESH → UDP
2026-05-12 19:35:23 [DEBUG] raspi.main: DATA_REFRESH → UDP
2026-05-12 19:35:24 [INFO] raspi.udp: UDP 设备广播 ×15
2026-05-12 19:35:25 [DEBUG] raspi.main: DATA_REFRESH → UDP
2026-05-12 19:35:27 [DEBUG] raspi.main: DATA_REFRESH → UDP
2026-05-12 19:35:29 [DEBUG] raspi.main: DATA_REFRESH → UDP
2026-05-12 19:35:31 [DEBUG] raspi.main: DATA_REFRESH → UDP
2026-05-12 19:35:33 [DEBUG] raspi.main: DATA_REFRESH → UDP
2026-05-12 19:35:35 [DEBUG] raspi.main: DATA_REFRESH → UDP
2026-05-12 19:35:37 [DEBUG] raspi.main: DATA_REFRESH → UDP
2026-05-12 19:35:39 [DEBUG] raspi.main: DATA_REFRESH → UDP
2026-05-12 19:35:42 [DEBUG] raspi.main: DATA_REFRESH → UDP
2026-05-12 19:35:44 [DEBUG] raspi.main: DATA_REFRESH → UDP
2026-05-12 19:35:44 [INFO] raspi.udp: UDP 设备广播 ×15
2026-05-12 19:35:46 [DEBUG] raspi.main: DATA_REFRESH → UDP
2026-05-12 19:35:48 [DEBUG] raspi.main: DATA_REFRESH → UDP
2026-05-12 19:35:50 [DEBUG] raspi.main: DATA_REFRESH → UDP
2026-05-12 19:35:52 [DEBUG] raspi.main: DATA_REFRESH → UDP
2026-05-12 19:35:54 [DEBUG] raspi.main: DATA_REFRESH → UDP
2026-05-12 19:35:56 [DEBUG] raspi.main: DATA_REFRESH → UDP
2026-05-12 19:35:58 [DEBUG] raspi.main: DATA_REFRESH → UDP
2026-05-12 19:36:00 [DEBUG] raspi.main: DATA_REFRESH → UDP
2026-05-12 19:36:02 [DEBUG] raspi.main: DATA_REFRESH → UDP
2026-05-12 19:36:04 [DEBUG] raspi.main: DATA_REFRESH → UDP
2026-05-12 19:36:04 [INFO] raspi.udp: UDP 设备广播 ×15
2026-05-12 19:36:06 [DEBUG] raspi.main: DATA_REFRESH → UDP
2026-05-12 19:36:08 [DEBUG] raspi.main: DATA_REFRESH → UDP
2026-05-12 19:36:10 [DEBUG] raspi.main: DATA_REFRESH → UDP
2026-05-12 19:36:12 [DEBUG] raspi.main: DATA_REFRESH → UDP
2026-05-12 19:36:14 [DEBUG] raspi.main: DATA_REFRESH → UDP
2026-05-12 19:36:16 [DEBUG] raspi.main: DATA_REFRESH → UDP
2026-05-12 19:36:18 [DEBUG] raspi.main: DATA_REFRESH → UDP
2026-05-12 19:36:20 [DEBUG] raspi.main: DATA_REFRESH → UDP
2026-05-12 19:36:22 [DEBUG] raspi.main: DATA_REFRESH → UDP
2026-05-12 19:36:24 [DEBUG] raspi.main: DATA_REFRESH → UDP
2026-05-12 19:36:24 [INFO] raspi.udp: UDP 设备广播 ×15
2026-05-12 19:36:26 [DEBUG] raspi.main: DATA_REFRESH → UDP
2026-05-12 19:36:28 [DEBUG] raspi.main: DATA_REFRESH → UDP
2026-05-12 19:36:30 [DEBUG] raspi.main: DATA_REFRESH → UDP
2026-05-12 19:36:32 [DEBUG] raspi.main: DATA_REFRESH → UDP
2026-05-12 19:36:34 [DEBUG] raspi.main: DATA_REFRESH → UDP
2026-05-12 19:36:36 [DEBUG] raspi.main: DATA_REFRESH → UDP
2026-05-12 19:36:38 [DEBUG] raspi.main: DATA_REFRESH → UDP
2026-05-12 19:36:40 [DEBUG] raspi.main: DATA_REFRESH → UDP
2026-05-12 19:36:42 [DEBUG] raspi.main: DATA_REFRESH → UDP
2026-05-12 19:36:44 [INFO] raspi.udp: UDP 设备广播 ×15
2026-05-12 19:36:44 [DEBUG] raspi.main: DATA_REFRESH → UDP
2026-05-12 19:36:46 [DEBUG] raspi.main: DATA_REFRESH → UDP
2026-05-12 19:36:49 [DEBUG] raspi.main: DATA_REFRESH → UDP
2026-05-12 19:36:51 [DEBUG] raspi.main: DATA_REFRESH → UDP
2026-05-12 19:36:53 [DEBUG] raspi.main: DATA_REFRESH → UDP
2026-05-12 19:36:55 [DEBUG] raspi.main: DATA_REFRESH → UDP
2026-05-12 19:36:57 [DEBUG] raspi.main: DATA_REFRESH → UDP
2026-05-12 19:36:59 [DEBUG] raspi.main: DATA_REFRESH → UDP
2026-05-12 19:37:01 [DEBUG] raspi.main: DATA_REFRESH → UDP
2026-05-12 19:37:03 [DEBUG] raspi.main: DATA_REFRESH → UDP
2026-05-12 19:37:04 [INFO] raspi.udp: UDP 设备广播 ×15
2026-05-12 19:37:05 [DEBUG] raspi.main: DATA_REFRESH → UDP
2026-05-12 19:37:07 [DEBUG] raspi.main: DATA_REFRESH → UDP
2026-05-12 19:37:09 [DEBUG] raspi.main: DATA_REFRESH → UDP
2026-05-12 19:37:11 [DEBUG] raspi.main: DATA_REFRESH → UDP
2026-05-12 19:37:13 [DEBUG] raspi.main: DATA_REFRESH → UDP
2026-05-12 19:37:15 [DEBUG] raspi.main: DATA_REFRESH → UDP
2026-05-12 19:37:17 [DEBUG] raspi.main: DATA_REFRESH → UDP
2026-05-12 19:37:19 [DEBUG] raspi.main: DATA_REFRESH → UDP
2026-05-12 19:37:21 [DEBUG] raspi.main: DATA_REFRESH → UDP
2026-05-12 19:37:23 [DEBUG] raspi.main: DATA_REFRESH → UDP
2026-05-12 19:37:24 [INFO] raspi.udp: UDP 设备广播 ×15
2026-05-12 19:37:25 [DEBUG] raspi.main: DATA_REFRESH → UDP
2026-05-12 19:37:27 [DEBUG] raspi.main: DATA_REFRESH → UDP
2026-05-12 19:37:29 [DEBUG] raspi.main: DATA_REFRESH → UDP
2026-05-12 19:37:31 [DEBUG] raspi.main: DATA_REFRESH → UDP
2026-05-12 19:37:33 [DEBUG] raspi.main: DATA_REFRESH → UDP
2026-05-12 19:37:35 [DEBUG] raspi.main: DATA_REFRESH → UDP
2026-05-12 19:37:37 [DEBUG] raspi.main: DATA_REFRESH → UDP
2026-05-12 19:37:39 [DEBUG] raspi.main: DATA_REFRESH → UDP
2026-05-12 19:37:41 [DEBUG] raspi.main: DATA_REFRESH → UDP
2026-05-12 19:37:43 [DEBUG] raspi.main: DATA_REFRESH → UDP
2026-05-12 19:37:44 [INFO] raspi.udp: UDP 设备广播 ×15
2026-05-12 19:37:45 [DEBUG] raspi.main: DATA_REFRESH → UDP
2026-05-12 19:37:47 [DEBUG] raspi.main: DATA_REFRESH → UDP
2026-05-12 19:37:49 [DEBUG] raspi.main: DATA_REFRESH → UDP
2026-05-12 19:37:51 [DEBUG] raspi.main: DATA_REFRESH → UDP
2026-05-12 19:37:53 [DEBUG] raspi.main: DATA_REFRESH → UDP
2026-05-12 19:37:55 [DEBUG] raspi.main: DATA_REFRESH → UDP
2026-05-12 19:37:57 [DEBUG] raspi.main: DATA_REFRESH → UDP
2026-05-12 19:37:59 [DEBUG] raspi.main: DATA_REFRESH → UDP
2026-05-12 19:38:02 [DEBUG] raspi.main: DATA_REFRESH → UDP
2026-05-12 19:38:04 [DEBUG] raspi.main: DATA_REFRESH → UDP
2026-05-12 19:38:04 [INFO] raspi.udp: UDP 设备广播 ×15
2026-05-12 19:38:06 [DEBUG] raspi.main: DATA_REFRESH → UDP
2026-05-12 19:38:08 [DEBUG] raspi.main: DATA_REFRESH → UDP
2026-05-12 19:38:10 [DEBUG] raspi.main: DATA_REFRESH → UDP
2026-05-12 19:38:12 [DEBUG] raspi.main: DATA_REFRESH → UDP
2026-05-12 19:38:14 [DEBUG] raspi.main: DATA_REFRESH → UDP
2026-05-12 19:38:16 [DEBUG] raspi.main: DATA_REFRESH → UDP
2026-05-12 19:38:18 [DEBUG] raspi.main: DATA_REFRESH → UDP
2026-05-12 19:38:20 [DEBUG] raspi.main: DATA_REFRESH → UDP
2026-05-12 19:38:22 [DEBUG] raspi.main: DATA_REFRESH → UDP
2026-05-12 19:38:24 [DEBUG] raspi.main: DATA_REFRESH → UDP
2026-05-12 19:38:24 [INFO] raspi.udp: UDP 设备广播 ×15
2026-05-12 19:38:26 [DEBUG] raspi.main: DATA_REFRESH → UDP
2026-05-12 19:38:28 [DEBUG] raspi.main: DATA_REFRESH → UDP
2026-05-12 19:38:30 [DEBUG] raspi.main: DATA_REFRESH → UDP
2026-05-12 19:38:32 [DEBUG] raspi.main: DATA_REFRESH → UDP
2026-05-12 19:38:34 [DEBUG] raspi.main: DATA_REFRESH → UDP
2026-05-12 19:38:36 [DEBUG] raspi.main: DATA_REFRESH → UDP
2026-05-12 19:38:38 [DEBUG] raspi.main: DATA_REFRESH → UDP
2026-05-12 19:38:40 [DEBUG] raspi.main: DATA_REFRESH → UDP
2026-05-12 19:38:42 [DEBUG] raspi.main: DATA_REFRESH → UDP
2026-05-12 19:38:44 [DEBUG] raspi.main: DATA_REFRESH → UDP
2026-05-12 19:38:44 [INFO] raspi.udp: UDP 设备广播 ×15
2026-05-12 19:38:46 [DEBUG] raspi.main: DATA_REFRESH → UDP
2026-05-12 19:38:48 [DEBUG] raspi.main: DATA_REFRESH → UDP
2026-05-12 19:38:50 [DEBUG] raspi.main: DATA_REFRESH → UDP
2026-05-12 19:38:52 [DEBUG] raspi.main: DATA_REFRESH → UDP
2026-05-12 19:38:54 [DEBUG] raspi.main: DATA_REFRESH → UDP
2026-05-12 19:38:56 [DEBUG] raspi.main: DATA_REFRESH → UDP
2026-05-12 19:38:58 [DEBUG] raspi.main: DATA_REFRESH → UDP
2026-05-12 19:39:00 [DEBUG] raspi.main: DATA_REFRESH → UDP
2026-05-12 19:39:02 [DEBUG] raspi.main: DATA_REFRESH → UDP
2026-05-12 19:39:04 [INFO] raspi.udp: UDP 设备广播 ×15
2026-05-12 19:39:04 [DEBUG] raspi.main: DATA_REFRESH → UDP
2026-05-12 19:39:06 [DEBUG] raspi.main: DATA_REFRESH → UDP
2026-05-12 19:39:08 [DEBUG] raspi.main: DATA_REFRESH → UDP
2026-05-12 19:39:10 [DEBUG] raspi.main: DATA_REFRESH → UDP
2026-05-12 19:39:13 [DEBUG] raspi.main: DATA_REFRESH → UDP
2026-05-12 19:39:15 [DEBUG] raspi.main: DATA_REFRESH → UDP
2026-05-12 19:39:17 [DEBUG] raspi.main: DATA_REFRESH → UDP
2026-05-12 19:39:19 [DEBUG] raspi.main: DATA_REFRESH → UDP
2026-05-12 19:39:21 [DEBUG] raspi.main: DATA_REFRESH → UDP
2026-05-12 19:39:23 [DEBUG] raspi.main: DATA_REFRESH → UDP
2026-05-12 19:39:24 [INFO] raspi.udp: UDP 设备广播 ×15
2026-05-12 19:39:25 [DEBUG] raspi.main: DATA_REFRESH → UDP
2026-05-12 19:39:27 [DEBUG] raspi.main: DATA_REFRESH → UDP
2026-05-12 19:39:29 [DEBUG] raspi.main: DATA_REFRESH → UDP
2026-05-12 19:39:31 [DEBUG] raspi.main: DATA_REFRESH → UDP
2026-05-12 19:39:33 [DEBUG] raspi.main: DATA_REFRESH → UDP
2026-05-12 19:39:35 [DEBUG] raspi.main: DATA_REFRESH → UDP
2026-05-12 19:39:37 [DEBUG] raspi.main: DATA_REFRESH → UDP
2026-05-12 19:39:39 [DEBUG] raspi.main: DATA_REFRESH → UDP
2026-05-12 19:39:41 [DEBUG] raspi.main: DATA_REFRESH → UDP
2026-05-12 19:39:43 [DEBUG] raspi.main: DATA_REFRESH → UDP
2026-05-12 19:39:44 [INFO] raspi.udp: UDP 设备广播 ×15
2026-05-12 19:39:45 [DEBUG] raspi.main: DATA_REFRESH → UDP
2026-05-12 19:39:47 [DEBUG] raspi.main: DATA_REFRESH → UDP
2026-05-12 19:39:49 [DEBUG] raspi.main: DATA_REFRESH → UDP
2026-05-12 19:39:51 [DEBUG] raspi.main: DATA_REFRESH → UDP
2026-05-12 19:39:53 [DEBUG] raspi.main: DATA_REFRESH → UDP
2026-05-12 19:39:55 [DEBUG] raspi.main: DATA_REFRESH → UDP
2026-05-12 19:39:57 [DEBUG] raspi.main: DATA_REFRESH → UDP
2026-05-12 19:39:59 [DEBUG] raspi.main: DATA_REFRESH → UDP
2026-05-12 19:40:01 [DEBUG] raspi.main: DATA_REFRESH → UDP
2026-05-12 19:40:03 [DEBUG] raspi.main: DATA_REFRESH → UDP
2026-05-12 19:40:04 [INFO] raspi.udp: UDP 设备广播 ×15
2026-05-12 19:40:05 [DEBUG] raspi.main: DATA_REFRESH → UDP
2026-05-12 19:40:07 [DEBUG] raspi.main: DATA_REFRESH → UDP
2026-05-12 19:40:09 [DEBUG] raspi.main: DATA_REFRESH → UDP
2026-05-12 19:40:11 [DEBUG] raspi.main: DATA_REFRESH → UDP
2026-05-12 19:40:13 [DEBUG] raspi.main: DATA_REFRESH → UDP
2026-05-12 19:40:15 [DEBUG] raspi.main: DATA_REFRESH → UDP
2026-05-12 19:40:17 [DEBUG] raspi.main: DATA_REFRESH → UDP
2026-05-12 19:40:19 [DEBUG] raspi.main: DATA_REFRESH → UDP
2026-05-12 19:40:22 [DEBUG] raspi.main: DATA_REFRESH → UDP
2026-05-12 19:40:24 [DEBUG] raspi.main: DATA_REFRESH → UDP
2026-05-12 19:40:24 [INFO] raspi.udp: UDP 设备广播 ×15
2026-05-12 19:40:26 [DEBUG] raspi.main: DATA_REFRESH → UDP
2026-05-12 19:40:28 [DEBUG] raspi.main: DATA_REFRESH → UDP
2026-05-12 19:40:30 [DEBUG] raspi.main: DATA_REFRESH → UDP
2026-05-12 19:40:32 [DEBUG] raspi.main: DATA_REFRESH → UDP
2026-05-12 19:40:34 [DEBUG] raspi.main: DATA_REFRESH → UDP
2026-05-12 19:40:36 [DEBUG] raspi.main: DATA_REFRESH → UDP
2026-05-12 19:40:38 [DEBUG] raspi.main: DATA_REFRESH → UDP
2026-05-12 19:40:40 [DEBUG] raspi.main: DATA_REFRESH → UDP
2026-05-12 19:40:42 [DEBUG] raspi.main: DATA_REFRESH → UDP
2026-05-12 19:40:44 [DEBUG] raspi.main: DATA_REFRESH → UDP
2026-05-12 19:40:44 [INFO] raspi.udp: UDP 设备广播 ×15
2026-05-12 19:40:46 [DEBUG] raspi.main: DATA_REFRESH → UDP
2026-05-12 19:40:48 [DEBUG] raspi.main: DATA_REFRESH → UDP
2026-05-12 19:40:50 [DEBUG] raspi.main: DATA_REFRESH → UDP
2026-05-12 19:40:52 [DEBUG] raspi.main: DATA_REFRESH → UDP
2026-05-12 19:40:54 [DEBUG] raspi.main: DATA_REFRESH → UDP
2026-05-12 19:40:56 [DEBUG] raspi.main: DATA_REFRESH → UDP
2026-05-12 19:40:58 [DEBUG] raspi.main: DATA_REFRESH → UDP
2026-05-12 19:41:00 [DEBUG] raspi.main: DATA_REFRESH → UDP
2026-05-12 19:41:02 [DEBUG] raspi.main: DATA_REFRESH → UDP
2026-05-12 19:41:04 [DEBUG] raspi.main: DATA_REFRESH → UDP
2026-05-12 19:41:04 [INFO] raspi.udp: UDP 设备广播 ×15
2026-05-12 19:41:06 [DEBUG] raspi.main: DATA_REFRESH → UDP
2026-05-12 19:41:08 [DEBUG] raspi.main: DATA_REFRESH → UDP
2026-05-12 19:41:10 [DEBUG] raspi.main: DATA_REFRESH → UDP
2026-05-12 19:41:12 [DEBUG] raspi.main: DATA_REFRESH → UDP
2026-05-12 19:41:14 [DEBUG] raspi.main: DATA_REFRESH → UDP
2026-05-12 19:41:16 [DEBUG] raspi.main: DATA_REFRESH → UDP
2026-05-12 19:41:18 [DEBUG] raspi.main: DATA_REFRESH → UDP
2026-05-12 19:41:20 [DEBUG] raspi.main: DATA_REFRESH → UDP
2026-05-12 19:41:22 [DEBUG] raspi.main: DATA_REFRESH → UDP
2026-05-12 19:41:24 [INFO] raspi.udp: UDP 设备广播 ×15
2026-05-12 19:41:24 [DEBUG] raspi.main: DATA_REFRESH → UDP
2026-05-12 19:41:26 [DEBUG] raspi.main: DATA_REFRESH → UDP
2026-05-12 19:41:28 [DEBUG] raspi.main: DATA_REFRESH → UDP
2026-05-12 19:41:30 [DEBUG] raspi.main: DATA_REFRESH → UDP
2026-05-12 19:41:33 [DEBUG] raspi.main: DATA_REFRESH → UDP
2026-05-12 19:41:35 [DEBUG] raspi.main: DATA_REFRESH → UDP
2026-05-12 19:41:37 [DEBUG] raspi.main: DATA_REFRESH → UDP
2026-05-12 19:41:39 [DEBUG] raspi.main: DATA_REFRESH → UDP
2026-05-12 19:41:41 [DEBUG] raspi.main: DATA_REFRESH → UDP
2026-05-12 19:41:43 [DEBUG] raspi.main: DATA_REFRESH → UDP
2026-05-12 19:41:44 [INFO] raspi.udp: UDP 设备广播 ×15
2026-05-12 19:41:45 [DEBUG] raspi.main: DATA_REFRESH → UDP
2026-05-12 19:41:47 [DEBUG] raspi.main: DATA_REFRESH → UDP
2026-05-12 19:41:49 [DEBUG] raspi.main: DATA_REFRESH → UDP
2026-05-12 19:41:51 [DEBUG] raspi.main: DATA_REFRESH → UDP
2026-05-12 19:41:53 [DEBUG] raspi.main: DATA_REFRESH → UDP
2026-05-12 19:41:55 [DEBUG] raspi.main: DATA_REFRESH → UDP
2026-05-12 19:41:57 [DEBUG] raspi.main: DATA_REFRESH → UDP
2026-05-12 19:41:59 [DEBUG] raspi.main: DATA_REFRESH → UDP
2026-05-12 19:42:01 [DEBUG] raspi.main: DATA_REFRESH → UDP
2026-05-12 19:42:03 [DEBUG] raspi.main: DATA_REFRESH → UDP
2026-05-12 19:42:04 [INFO] raspi.udp: UDP 设备广播 ×15
2026-05-13 19:09:44 [INFO] raspi.main: ===== 树莓派智能家居网关 启动 =====
2026-05-13 19:09:44 [INFO] raspi.main: 控制串口: /dev/ttyAMA0 | 传感器串口: /dev/ttyAMA3 @ 9600
2026-05-13 19:09:44 [INFO] raspi.main: TCP: 9999 (命令) | UDP: 8888 (发现/传感器) | TCP: 9998 (视频)
2026-05-13 19:09:44 [INFO] raspi.main: 已注册 14 个设备
2026-05-13 19:09:44 [ERROR] raspi.serial: 串口打开失败: could not open port '/dev/ttyAMA0': FileNotFoundError(2, '系统找不到指定的路径。', None, 3)
2026-05-13 19:09:44 [WARNING] raspi.main: 控制串口不可用，将以无硬件模式运行
2026-05-13 19:09:44 [ERROR] raspi.serial: 串口打开失败: could not open port '/dev/ttyAMA3': FileNotFoundError(2, '系统找不到指定的路径。', None, 3)
2026-05-13 19:09:44 [WARNING] raspi.main: 传感器串口不可用，传感器数据将缺失
2026-05-13 19:09:44 [INFO] raspi.udp: UDP 广播器已启动，端口 8888 (收发)
2026-05-13 19:09:44 [INFO] raspi.tcp: TCP 服务器已启动，端口 9999
2026-05-13 19:09:44 [INFO] raspi.udp: UDP 设备广播 ×15
2026-05-13 19:09:44 [INFO] raspi.udp: UDP 启动广播 1/3
2026-05-13 19:09:45 [INFO] raspi.udp: UDP 启动广播 2/3
2026-05-13 19:09:45 [INFO] raspi.udp: UDP 启动广播 3/3
2026-05-13 19:09:52 [INFO] raspi.video: 摄像头: OpenCV 640x360
2026-05-13 19:09:52 [INFO] raspi.video: 视频流已启动，端口 9998
2026-05-13 19:10:04 [INFO] raspi.udp: UDP 设备广播 ×15
2026-05-13 19:13:31 [INFO] raspi.main: ===== 树莓派智能家居网关 启动 =====
2026-05-13 19:13:31 [INFO] raspi.main: 控制串口: /dev/ttyAMA0 | 传感器串口: /dev/ttyAMA3 @ 9600
2026-05-13 19:13:31 [INFO] raspi.main: TCP: 9999 (命令) | UDP: 8888 (发现/传感器) | TCP: 9998 (视频)
2026-05-13 19:13:31 [INFO] raspi.main: 已注册 14 个设备
2026-05-13 19:13:31 [ERROR] raspi.serial: 串口打开失败: could not open port '/dev/ttyAMA0': FileNotFoundError(2, '系统找不到指定的路径。', None, 3)
2026-05-13 19:13:31 [WARNING] raspi.main: 控制串口不可用，将以无硬件模式运行
2026-05-13 19:13:31 [ERROR] raspi.serial: 串口打开失败: could not open port '/dev/ttyAMA3': FileNotFoundError(2, '系统找不到指定的路径。', None, 3)
2026-05-13 19:13:31 [WARNING] raspi.main: 传感器串口不可用，传感器数据将缺失
2026-05-13 19:13:31 [INFO] raspi.udp: UDP 广播器已启动，端口 8888 (收发)
2026-05-13 19:13:31 [INFO] raspi.tcp: TCP 服务器已启动，端口 9999
2026-05-13 19:13:31 [INFO] raspi.udp: UDP 设备广播 ×15
2026-05-13 19:13:31 [INFO] raspi.udp: UDP 启动广播 1/3
2026-05-13 19:13:31 [INFO] raspi.udp: UDP 启动广播 2/3
2026-05-13 19:13:32 [INFO] raspi.udp: UDP 启动广播 3/3
2026-05-13 19:13:34 [INFO] raspi.video: 摄像头: OpenCV 640x360
2026-05-13 19:13:34 [INFO] raspi.video: 视频流已启动，端口 9998
2026-05-13 19:13:35 [INFO] raspi.tcp: QT 客户端已连接: ('127.0.0.1', 52712)
2026-05-13 19:13:35 [DEBUG] raspi.tcp: TCP RX type=hello
2026-05-13 19:13:36 [DEBUG] raspi.tcp: TCP RX type=control
2026-05-13 19:13:36 [DEBUG] raspi.tcp: TCP RX type=scene
2026-05-13 19:13:36 [DEBUG] raspi.tcp: TCP RX type=heartbeat
2026-05-13 19:13:36 [DEBUG] raspi.tcp: TCP RX type=voice_text
2026-05-13 19:13:36 [INFO] raspi.main: VOICE: [CMD] 打开客厅灯
2026-05-13 19:13:36 [DEBUG] raspi.tcp: TCP RX type=schedule
2026-05-13 19:13:36 [INFO] raspi.main: SCHEDULE: {"time":"08:00","action":"turn_on"}...
2026-05-13 19:13:36 [DEBUG] raspi.tcp: TCP RX type=alert_command
2026-05-13 19:13:36 [INFO] raspi.main: ALERT_CMD: acknowledge
2026-05-13 19:13:36 [DEBUG] raspi.tcp: TCP RX type=data_refresh_request
2026-05-13 19:13:39 [INFO] raspi.tcp: 客户端已断开
2026-05-13 19:13:51 [INFO] raspi.main: ===== 树莓派智能家居网关 启动 =====
2026-05-13 19:13:51 [INFO] raspi.main: 控制串口: /dev/ttyAMA0 | 传感器串口: /dev/ttyAMA3 @ 9600
2026-05-13 19:13:51 [INFO] raspi.main: TCP: 9999 (命令) | UDP: 8888 (发现/传感器) | TCP: 9998 (视频)
2026-05-13 19:13:51 [INFO] raspi.main: 已注册 14 个设备
2026-05-13 19:13:51 [ERROR] raspi.serial: 串口打开失败: could not open port '/dev/ttyAMA0': FileNotFoundError(2, '系统找不到指定的路径。', None, 3)
2026-05-13 19:13:51 [WARNING] raspi.main: 控制串口不可用，将以无硬件模式运行
2026-05-13 19:13:51 [ERROR] raspi.serial: 串口打开失败: could not open port '/dev/ttyAMA3': FileNotFoundError(2, '系统找不到指定的路径。', None, 3)
2026-05-13 19:13:51 [WARNING] raspi.main: 传感器串口不可用，传感器数据将缺失
2026-05-13 19:13:51 [INFO] raspi.udp: UDP 广播器已启动，端口 8888 (收发)
2026-05-13 19:13:51 [INFO] raspi.tcp: TCP 服务器已启动，端口 9999
2026-05-13 19:13:51 [INFO] raspi.udp: UDP 设备广播 ×15
2026-05-13 19:13:51 [INFO] raspi.udp: UDP 启动广播 1/3
2026-05-13 19:13:51 [INFO] raspi.udp: UDP 启动广播 2/3
2026-05-13 19:13:51 [INFO] raspi.udp: UDP 启动广播 3/3
2026-05-13 19:13:54 [INFO] raspi.video: 摄像头: OpenCV 640x360
2026-05-13 19:13:54 [INFO] raspi.video: 视频流已启动，端口 9998
2026-05-13 19:13:55 [INFO] raspi.tcp: QT 客户端已连接: ('127.0.0.1', 56041)
2026-05-13 19:13:55 [DEBUG] raspi.tcp: TCP RX type=hello
2026-05-13 19:13:56 [DEBUG] raspi.tcp: TCP RX type=control
2026-05-13 19:13:56 [DEBUG] raspi.tcp: TCP RX type=scene
2026-05-13 19:13:56 [DEBUG] raspi.tcp: TCP RX type=heartbeat
2026-05-13 19:13:56 [DEBUG] raspi.tcp: TCP RX type=voice_text
2026-05-13 19:13:56 [INFO] raspi.main: VOICE: [CMD] 打开客厅灯
2026-05-13 19:13:56 [DEBUG] raspi.tcp: TCP RX type=schedule
2026-05-13 19:13:56 [INFO] raspi.main: SCHEDULE: {"time":"08:00","action":"turn_on"}...
2026-05-13 19:13:56 [DEBUG] raspi.tcp: TCP RX type=alert_command
2026-05-13 19:13:56 [INFO] raspi.main: ALERT_CMD: acknowledge
2026-05-13 19:13:56 [DEBUG] raspi.tcp: TCP RX type=data_refresh_request
2026-05-13 19:13:59 [INFO] raspi.tcp: 客户端已断开
2026-05-13 19:16:24 [INFO] raspi.main: ===== 树莓派智能家居网关 启动 =====
2026-05-13 19:16:24 [INFO] raspi.main: 控制串口: /dev/ttyAMA0 | 传感器串口: /dev/ttyAMA3 @ 9600
2026-05-13 19:16:24 [INFO] raspi.main: TCP: 9999 (命令) | UDP: 8888 (发现/传感器) | TCP: 9998 (视频)
2026-05-13 19:16:24 [INFO] raspi.main: 已注册 14 个设备
2026-05-13 19:16:24 [ERROR] raspi.serial: 串口打开失败: could not open port '/dev/ttyAMA0': FileNotFoundError(2, '系统找不到指定的路径。', None, 3)
2026-05-13 19:16:24 [WARNING] raspi.main: 控制串口不可用，将以无硬件模式运行
2026-05-13 19:16:24 [ERROR] raspi.serial: 串口打开失败: could not open port '/dev/ttyAMA3': FileNotFoundError(2, '系统找不到指定的路径。', None, 3)
2026-05-13 19:16:24 [WARNING] raspi.main: 传感器串口不可用，传感器数据将缺失
2026-05-13 19:16:24 [INFO] raspi.udp: UDP 广播器已启动，端口 8888 (收发)
2026-05-13 19:16:24 [INFO] raspi.tcp: TCP 服务器已启动，端口 9999
2026-05-13 19:16:24 [INFO] raspi.udp: UDP 设备广播 ×15
2026-05-13 19:16:25 [INFO] raspi.udp: UDP 启动广播 1/3
2026-05-13 19:16:25 [INFO] raspi.udp: UDP 启动广播 2/3
2026-05-13 19:16:25 [INFO] raspi.udp: UDP 启动广播 3/3
2026-05-13 19:16:29 [INFO] raspi.tcp: QT 客户端已连接: ('127.0.0.1', 50200)
2026-05-13 19:16:29 [DEBUG] raspi.tcp: TCP RX type=hello
2026-05-13 19:16:29 [DEBUG] raspi.tcp: TCP RX type=control
2026-05-13 19:16:29 [DEBUG] raspi.tcp: TCP RX type=scene
2026-05-13 19:16:29 [DEBUG] raspi.tcp: TCP RX type=heartbeat
2026-05-13 19:16:29 [DEBUG] raspi.tcp: TCP RX type=voice_text
2026-05-13 19:16:29 [INFO] raspi.main: VOICE: [CMD] 打开客厅灯
2026-05-13 19:16:29 [DEBUG] raspi.tcp: TCP RX type=schedule
2026-05-13 19:16:29 [INFO] raspi.main: SCHEDULE: {"time":"08:00","action":"turn_on"}...
2026-05-13 19:16:29 [DEBUG] raspi.tcp: TCP RX type=alert_command
2026-05-13 19:16:29 [INFO] raspi.main: ALERT_CMD: acknowledge
2026-05-13 19:16:30 [DEBUG] raspi.tcp: TCP RX type=data_refresh_request
2026-05-13 19:16:31 [INFO] raspi.video: 摄像头: OpenCV 640x360
2026-05-13 19:16:31 [INFO] raspi.video: 视频流已启动，端口 9998
2026-05-13 19:17:41 [INFO] raspi.main: ===== 树莓派智能家居网关 启动 =====
2026-05-13 19:17:41 [INFO] raspi.main: 控制串口: /dev/ttyAMA0 | 传感器串口: /dev/ttyAMA3 @ 9600
2026-05-13 19:17:41 [INFO] raspi.main: TCP: 9999 (命令) | UDP: 8888 (发现/传感器) | TCP: 9998 (视频)
2026-05-13 19:17:41 [INFO] raspi.main: 已注册 14 个设备
2026-05-13 19:17:41 [ERROR] raspi.serial: 串口打开失败: could not open port '/dev/ttyAMA0': FileNotFoundError(2, '系统找不到指定的路径。', None, 3)
2026-05-13 19:17:41 [WARNING] raspi.main: 控制串口不可用，将以无硬件模式运行
2026-05-13 19:17:41 [ERROR] raspi.serial: 串口打开失败: could not open port '/dev/ttyAMA3': FileNotFoundError(2, '系统找不到指定的路径。', None, 3)
2026-05-13 19:17:41 [WARNING] raspi.main: 传感器串口不可用，传感器数据将缺失
2026-05-13 19:17:41 [INFO] raspi.udp: UDP 广播器已启动，端口 8888 (收发)
2026-05-13 19:17:41 [INFO] raspi.tcp: TCP 服务器已启动，端口 9999
2026-05-13 19:17:41 [INFO] raspi.udp: UDP 设备广播 ×15
2026-05-13 19:17:41 [INFO] raspi.udp: UDP 启动广播 1/3
2026-05-13 19:17:41 [INFO] raspi.udp: UDP 启动广播 2/3
2026-05-13 19:17:42 [INFO] raspi.udp: UDP 启动广播 3/3
2026-05-13 19:17:44 [INFO] raspi.video: 摄像头: OpenCV 640x360
2026-05-13 19:17:44 [INFO] raspi.video: 视频流已启动，端口 9998
2026-05-13 19:17:46 [INFO] raspi.tcp: QT 客户端已连接: ('127.0.0.1', 50422)
2026-05-13 19:17:46 [DEBUG] raspi.tcp: TCP RX type=hello
2026-05-13 19:17:46 [DEBUG] raspi.tcp: TCP RX type=control
2026-05-13 19:17:46 [DEBUG] raspi.tcp: TCP RX type=scene
2026-05-13 19:17:46 [DEBUG] raspi.tcp: TCP RX type=heartbeat
2026-05-13 19:17:46 [DEBUG] raspi.tcp: TCP RX type=voice_text
2026-05-13 19:17:46 [INFO] raspi.main: VOICE: [CMD] 打开客厅灯
2026-05-13 19:17:46 [DEBUG] raspi.tcp: TCP RX type=schedule
2026-05-13 19:17:46 [INFO] raspi.main: SCHEDULE: {"time":"08:00","action":"turn_on"}...
2026-05-13 19:17:46 [DEBUG] raspi.tcp: TCP RX type=alert_command
2026-05-13 19:17:46 [INFO] raspi.main: ALERT_CMD: acknowledge
2026-05-13 19:17:46 [DEBUG] raspi.tcp: TCP RX type=data_refresh_request
2026-05-13 19:17:49 [INFO] raspi.tcp: 客户端已断开
2026-05-13 19:22:09 [INFO] raspi.main: ===== 树莓派智能家居网关 启动 =====
2026-05-13 19:22:09 [INFO] raspi.main: 控制串口: /dev/ttyAMA0 | 传感器串口: /dev/ttyAMA3 @ 9600
2026-05-13 19:22:09 [INFO] raspi.main: TCP: 9999 (命令) | UDP: 8888 (发现/传感器) | TCP: 9998 (视频)
2026-05-13 19:22:09 [INFO] raspi.main: 已注册 14 个设备
2026-05-13 19:22:09 [ERROR] raspi.serial: 串口打开失败: could not open port '/dev/ttyAMA0': FileNotFoundError(2, '系统找不到指定的路径。', None, 3)
2026-05-13 19:22:09 [WARNING] raspi.main: 控制串口不可用，将以无硬件模式运行
2026-05-13 19:22:09 [ERROR] raspi.serial: 串口打开失败: could not open port '/dev/ttyAMA3': FileNotFoundError(2, '系统找不到指定的路径。', None, 3)
2026-05-13 19:22:09 [WARNING] raspi.main: 传感器串口不可用，传感器数据将缺失
2026-05-13 19:22:09 [INFO] raspi.udp: UDP 广播器已启动，端口 8888 (收发)
2026-05-13 19:22:09 [INFO] raspi.tcp: TCP 服务器已启动，端口 9999
2026-05-13 19:22:09 [INFO] raspi.udp: UDP 设备广播 ×15
2026-05-13 19:22:09 [INFO] raspi.udp: UDP 启动广播 1/3
2026-05-13 19:22:09 [INFO] raspi.udp: UDP 启动广播 2/3
2026-05-13 19:22:10 [INFO] raspi.udp: UDP 启动广播 3/3
2026-05-13 19:22:12 [INFO] raspi.tcp: QT 客户端已连接: ('127.0.0.1', 53440)
2026-05-13 19:22:12 [DEBUG] raspi.tcp: TCP RX type=hello
2026-05-13 19:22:12 [DEBUG] raspi.tcp: TCP RX type=control
2026-05-13 19:22:12 [DEBUG] raspi.tcp: TCP RX type=scene
2026-05-13 19:22:12 [DEBUG] raspi.tcp: TCP RX type=heartbeat
2026-05-13 19:22:12 [DEBUG] raspi.tcp: TCP RX type=voice_text
2026-05-13 19:22:12 [INFO] raspi.main: VOICE: [CMD] 打开客厅灯
2026-05-13 19:22:12 [DEBUG] raspi.tcp: TCP RX type=schedule
2026-05-13 19:22:12 [INFO] raspi.main: SCHEDULE: {"time":"08:00","action":"turn_on"}...
2026-05-13 19:22:12 [DEBUG] raspi.tcp: TCP RX type=alert_command
2026-05-13 19:22:12 [INFO] raspi.main: ALERT_CMD: acknowledge
2026-05-13 19:22:12 [DEBUG] raspi.tcp: TCP RX type=data_refresh_request
2026-05-13 19:22:13 [INFO] raspi.tcp: 客户端已断开
2026-05-13 19:24:01 [INFO] raspi.main: ===== 树莓派智能家居网关 启动 =====
2026-05-13 19:24:01 [INFO] raspi.main: 控制串口: /dev/ttyAMA0 | 传感器串口: /dev/ttyAMA3 @ 9600
2026-05-13 19:24:01 [INFO] raspi.main: TCP: 9999 (命令) | UDP: 8888 (发现/传感器) | TCP: 9998 (视频)
2026-05-13 19:24:01 [INFO] raspi.main: 已注册 14 个设备
2026-05-13 19:24:01 [ERROR] raspi.serial: 串口打开失败: could not open port '/dev/ttyAMA0': FileNotFoundError(2, '系统找不到指定的路径。', None, 3)
2026-05-13 19:24:01 [WARNING] raspi.main: 控制串口不可用，将以无硬件模式运行
2026-05-13 19:24:01 [ERROR] raspi.serial: 串口打开失败: could not open port '/dev/ttyAMA3': FileNotFoundError(2, '系统找不到指定的路径。', None, 3)
2026-05-13 19:24:01 [WARNING] raspi.main: 传感器串口不可用，传感器数据将缺失
2026-05-13 19:24:01 [INFO] raspi.udp: UDP 广播器已启动，端口 8888 (收发)
2026-05-13 19:24:01 [INFO] raspi.tcp: TCP 服务器已启动，端口 9999
2026-05-13 19:24:01 [INFO] raspi.udp: UDP 设备广播 ×15
2026-05-13 19:24:01 [INFO] raspi.udp: UDP 启动广播 1/3
2026-05-13 19:24:01 [INFO] raspi.udp: UDP 启动广播 2/3
2026-05-13 19:24:02 [INFO] raspi.udp: UDP 启动广播 3/3
2026-05-13 19:24:04 [INFO] raspi.tcp: QT 客户端已连接: ('127.0.0.1', 53558)
2026-05-13 19:24:04 [DEBUG] raspi.tcp: TCP RX type=hello
2026-05-13 19:24:04 [DEBUG] raspi.tcp: TCP RX type=control
2026-05-13 19:24:04 [DEBUG] raspi.tcp: TCP RX type=scene
2026-05-13 19:24:04 [DEBUG] raspi.tcp: TCP RX type=heartbeat
2026-05-13 19:24:04 [DEBUG] raspi.tcp: TCP RX type=voice_text
2026-05-13 19:24:04 [INFO] raspi.main: VOICE: [CMD] 打开客厅灯
2026-05-13 19:24:04 [DEBUG] raspi.tcp: TCP RX type=schedule
2026-05-13 19:24:04 [INFO] raspi.main: SCHEDULE: {"time":"08:00","action":"turn_on"}...
2026-05-13 19:24:04 [DEBUG] raspi.tcp: TCP RX type=alert_command
2026-05-13 19:24:04 [INFO] raspi.main: ALERT_CMD: acknowledge
2026-05-13 19:24:04 [INFO] raspi.video: 摄像头: OpenCV 640x360
2026-05-13 19:24:04 [INFO] raspi.video: 视频流已启动，端口 9998
2026-05-13 19:24:04 [DEBUG] raspi.tcp: TCP RX type=data_refresh_request
2026-05-13 19:24:05 [INFO] raspi.tcp: 客户端已断开
